Using pre-set license
Built from '2020.3/staging' branch; Version is '2020.3.3f1 (76626098c1c4) revision 7758432'; Using compiler version '192528614'; Build Type 'Release'
OS: 'Windows 10 Pro; OS build 19042.928; Version 2009; 64bit' Language: 'de' Physical Memory: 16312 MB
BatchMode: 1, IsHumanControllingUs: 0, StartBugReporterOnCrash: 0, Is64bit: 1, IsPro: 0

 COMMAND LINE ARGUMENTS:
C:\Program Files\Unity\Hub\Editor\2020.3.3f1\Editor\Unity.exe
-adb2
-batchMode
-noUpm
-name
AssetImportWorker0
-projectPath
C:/Users/nicoj/Unity/DrinkForHonor
-logFile
Logs/AssetImportWorker0.log
-srvPort
55538
Successfully changed project path to: C:/Users/nicoj/Unity/DrinkForHonor
C:/Users/nicoj/Unity/DrinkForHonor
Using Asset Import Pipeline V2.
Refreshing native plugins compatible for Editor in 21.94 ms, found 0 plugins.
Preloading 0 native plugins for Editor in 0.00 ms.
Initialize engine version: 2020.3.3f1 (76626098c1c4)
[Subsystems] Discovering subsystems at path C:/Program Files/Unity/Hub/Editor/2020.3.3f1/Editor/Data/Resources/UnitySubsystems
[Subsystems] Discovering subsystems at path C:/Users/nicoj/Unity/DrinkForHonor/Assets
GfxDevice: creating device client; threaded=0
Direct3D:
    Version:  Direct3D 11.0 [level 11.1]
    Renderer: NVIDIA GeForce RTX 3070 (ID=0x2484)
    Vendor:   
    VRAM:     8043 MB
    Driver:   27.21.14.5751
Initialize mono
Mono path[0] = 'C:/Program Files/Unity/Hub/Editor/2020.3.3f1/Editor/Data/Managed'
Mono path[1] = 'C:/Program Files/Unity/Hub/Editor/2020.3.3f1/Editor/Data/MonoBleedingEdge/lib/mono/unityjit'
Mono config path = 'C:/Program Files/Unity/Hub/Editor/2020.3.3f1/Editor/Data/MonoBleedingEdge/etc'
Using monoOptions --debugger-agent=transport=dt_socket,embedding=1,server=y,suspend=n,address=127.0.0.1:56184
Begin MonoManager ReloadAssembly
Registering precompiled unity dll's ...
Register platform support module: C:/Program Files/Unity/Hub/Editor/2020.3.3f1/Editor/Data/PlaybackEngines/WindowsStandaloneSupport/UnityEditor.WindowsStandalone.Extensions.dll
Registered in 0.001669 seconds.
Native extension for WindowsStandalone target not found
Refreshing native plugins compatible for Editor in 21.95 ms, found 0 plugins.
Preloading 0 native plugins for Editor in 0.00 ms.
Invoked RoslynAnalysisRunner static constructor.
RoslynAnalysisRunner will not be running.
RoslynAnalysisRunner has terminated.
Mono: successfully reloaded assembly
- Completed reload, in  1.487 seconds
Platform modules already initialized, skipping
Registering precompiled user dll's ...
Registered in 0.000523 seconds.
Begin MonoManager ReloadAssembly
Native extension for WindowsStandalone target not found
Refreshing native plugins compatible for Editor in 0.35 ms, found 0 plugins.
Preloading 0 native plugins for Editor in 0.00 ms.
Invoked RoslynAnalysisRunner static constructor.
RoslynAnalysisRunner will not be running.
RoslynAnalysisRunner has terminated.
Mono: successfully reloaded assembly
- Completed reload, in  0.742 seconds
Platform modules already initialized, skipping
========================================================================
Worker process is ready to serve import requests
Launched and connected shader compiler UnityShaderCompiler.exe after 0.03 seconds
Refreshing native plugins compatible for Editor in 0.26 ms, found 0 plugins.
Preloading 0 native plugins for Editor in 0.00 ms.
Unloading 1126 Unused Serialized files (Serialized files now loaded: 0)
System memory in use before: 57.5 MB.
System memory in use after: 57.5 MB.

Unloading 10 unused Assets to reduce memory usage. Loaded Objects now: 1569.
Total: 1.718700 ms (FindLiveObjects: 0.187300 ms CreateObjectMapping: 0.031600 ms MarkObjects: 1.418900 ms  DeleteObjects: 0.079800 ms)

========================================================================
Received Import Request.
  path: Assets/Scripts/Player.cs
  artifactKey: Guid(db88638a30079a54bb1f3f73211c019c) Importer(815301076,1909f56bfc062723c751e8b465ee728b)
Start importing Assets/Scripts/Player.cs using Guid(db88638a30079a54bb1f3f73211c019c) Importer(815301076,1909f56bfc062723c751e8b465ee728b)  -> (artifact id: '2fa086f2aaece073f16acf748fc11c03') in 0.024112 seconds
  Import took 0.026304 seconds .

========================================================================
Received Import Request.
  Time since last request: 330.089681 seconds.
  path: Assets/Scripts/Player.cs
  artifactKey: Guid(db88638a30079a54bb1f3f73211c019c) Importer(815301076,1909f56bfc062723c751e8b465ee728b)
Start importing Assets/Scripts/Player.cs using Guid(db88638a30079a54bb1f3f73211c019c) Importer(815301076,1909f56bfc062723c751e8b465ee728b)  -> (artifact id: '2e469db27122bd7b8a1865972a07e1ca') in 0.002363 seconds
  Import took 0.004777 seconds .

========================================================================
Received Prepare
Registering precompiled user dll's ...
Registered in 0.000483 seconds.
Begin MonoManager ReloadAssembly
Native extension for WindowsStandalone target not found
Refreshing native plugins compatible for Editor in 0.24 ms, found 0 plugins.
Preloading 0 native plugins for Editor in 0.00 ms.
Invoked RoslynAnalysisRunner static constructor.
RoslynAnalysisRunner will not be running.
RoslynAnalysisRunner has terminated.
Mono: successfully reloaded assembly
- Completed reload, in  0.652 seconds
Platform modules already initialized, skipping
Refreshing native plugins compatible for Editor in 0.27 ms, found 0 plugins.
Preloading 0 native plugins for Editor in 0.00 ms.
Unloading 1121 Unused Serialized files (Serialized files now loaded: 0)
System memory in use before: 57.4 MB.
System memory in use after: 57.5 MB.

Unloading 5 unused Assets to reduce memory usage. Loaded Objects now: 1572.
Total: 2.284100 ms (FindLiveObjects: 0.264400 ms CreateObjectMapping: 0.036000 ms MarkObjects: 1.920100 ms  DeleteObjects: 0.061800 ms)

========================================================================
Received Prepare
Registering precompiled user dll's ...
Registered in 0.000564 seconds.
Begin MonoManager ReloadAssembly
Native extension for WindowsStandalone target not found
Refreshing native plugins compatible for Editor in 0.25 ms, found 0 plugins.
Preloading 0 native plugins for Editor in 0.00 ms.
Invoked RoslynAnalysisRunner static constructor.
RoslynAnalysisRunner will not be running.
RoslynAnalysisRunner has terminated.
Mono: successfully reloaded assembly
- Completed reload, in  0.715 seconds
Platform modules already initialized, skipping
Refreshing native plugins compatible for Editor in 0.28 ms, found 0 plugins.
Preloading 0 native plugins for Editor in 0.00 ms.
Unloading 1121 Unused Serialized files (Serialized files now loaded: 0)
System memory in use before: 57.4 MB.
System memory in use after: 57.5 MB.

Unloading 5 unused Assets to reduce memory usage. Loaded Objects now: 1575.
Total: 2.220600 ms (FindLiveObjects: 0.216300 ms CreateObjectMapping: 0.025500 ms MarkObjects: 1.906300 ms  DeleteObjects: 0.070800 ms)

========================================================================
Received Prepare
Registering precompiled user dll's ...
Registered in 0.000519 seconds.
Begin MonoManager ReloadAssembly
Native extension for WindowsStandalone target not found
Refreshing native plugins compatible for Editor in 0.25 ms, found 0 plugins.
Preloading 0 native plugins for Editor in 0.00 ms.
Invoked RoslynAnalysisRunner static constructor.
RoslynAnalysisRunner will not be running.
RoslynAnalysisRunner has terminated.
Mono: successfully reloaded assembly
- Completed reload, in  0.674 seconds
Platform modules already initialized, skipping
Refreshing native plugins compatible for Editor in 0.39 ms, found 0 plugins.
Preloading 0 native plugins for Editor in 0.00 ms.
Unloading 1122 Unused Serialized files (Serialized files now loaded: 0)
System memory in use before: 57.5 MB.
System memory in use after: 57.6 MB.

Unloading 5 unused Assets to reduce memory usage. Loaded Objects now: 1579.
Total: 2.823900 ms (FindLiveObjects: 0.284000 ms CreateObjectMapping: 0.036800 ms MarkObjects: 2.431100 ms  DeleteObjects: 0.070500 ms)

========================================================================
Received Import Request.
  Time since last request: 120.649449 seconds.
  path: Assets/Prefabs/PlayerInfoText.prefab
  artifactKey: Guid(39dd01f6fbeb4a14fb0f35025fe60b95) Importer(815301076,1909f56bfc062723c751e8b465ee728b)
Start importing Assets/Prefabs/PlayerInfoText.prefab using Guid(39dd01f6fbeb4a14fb0f35025fe60b95) Importer(815301076,1909f56bfc062723c751e8b465ee728b)  -> (artifact id: '2fb08eeff1f8caffeeb23c8dfb7fa0ab') in 0.040119 seconds
  Import took 0.042586 seconds .

========================================================================
Received Prepare
Registering precompiled user dll's ...
Registered in 0.000598 seconds.
Begin MonoManager ReloadAssembly
Native extension for WindowsStandalone target not found
Refreshing native plugins compatible for Editor in 0.24 ms, found 0 plugins.
Preloading 0 native plugins for Editor in 0.00 ms.
Invoked RoslynAnalysisRunner static constructor.
RoslynAnalysisRunner will not be running.
RoslynAnalysisRunner has terminated.
Mono: successfully reloaded assembly
- Completed reload, in  0.633 seconds
Platform modules already initialized, skipping
Refreshing native plugins compatible for Editor in 0.27 ms, found 0 plugins.
Preloading 0 native plugins for Editor in 0.00 ms.
Unloading 1122 Unused Serialized files (Serialized files now loaded: 0)
System memory in use before: 57.6 MB.
System memory in use after: 57.6 MB.

Unloading 5 unused Assets to reduce memory usage. Loaded Objects now: 1584.
Total: 1.815500 ms (FindLiveObjects: 0.259900 ms CreateObjectMapping: 0.044000 ms MarkObjects: 1.448800 ms  DeleteObjects: 0.061200 ms)

========================================================================
Received Prepare
Registering precompiled user dll's ...
Registered in 0.000921 seconds.
Begin MonoManager ReloadAssembly
Native extension for WindowsStandalone target not found
Refreshing native plugins compatible for Editor in 0.27 ms, found 0 plugins.
Preloading 0 native plugins for Editor in 0.00 ms.
Invoked RoslynAnalysisRunner static constructor.
RoslynAnalysisRunner will not be running.
RoslynAnalysisRunner has terminated.
Mono: successfully reloaded assembly
- Completed reload, in  0.718 seconds
Platform modules already initialized, skipping
Refreshing native plugins compatible for Editor in 0.32 ms, found 0 plugins.
Preloading 0 native plugins for Editor in 0.00 ms.
Unloading 1122 Unused Serialized files (Serialized files now loaded: 0)
System memory in use before: 57.6 MB.
System memory in use after: 57.7 MB.

Unloading 5 unused Assets to reduce memory usage. Loaded Objects now: 1587.
Total: 1.789000 ms (FindLiveObjects: 0.196800 ms CreateObjectMapping: 0.028300 ms MarkObjects: 1.504700 ms  DeleteObjects: 0.057300 ms)

========================================================================
Received Import Request.
  Time since last request: 395.871640 seconds.
  path: Assets/Prefabs/Player.prefab
  artifactKey: Guid(81317f5cc760b7b4cb5ac9504d1a2eba) Importer(815301076,1909f56bfc062723c751e8b465ee728b)
Start importing Assets/Prefabs/Player.prefab using Guid(81317f5cc760b7b4cb5ac9504d1a2eba) Importer(815301076,1909f56bfc062723c751e8b465ee728b)  -> (artifact id: '280834d48ea5ed8a87e5e03b9891aa1c') in 0.100974 seconds
  Import took 0.105214 seconds .

========================================================================
Received Import Request.
  Time since last request: 6.245880 seconds.
  path: Assets/Prefabs/Player.prefab
  artifactKey: Guid(81317f5cc760b7b4cb5ac9504d1a2eba) Importer(815301076,1909f56bfc062723c751e8b465ee728b)
Start importing Assets/Prefabs/Player.prefab using Guid(81317f5cc760b7b4cb5ac9504d1a2eba) Importer(815301076,1909f56bfc062723c751e8b465ee728b)  -> (artifact id: 'c2d67875871c420ce61e099af9d861d7') in 0.012845 seconds
  Import took 0.015123 seconds .

========================================================================
Received Prepare
Registering precompiled user dll's ...
Registered in 0.000609 seconds.
Begin MonoManager ReloadAssembly
Native extension for WindowsStandalone target not found
Refreshing native plugins compatible for Editor in 0.27 ms, found 0 plugins.
Preloading 0 native plugins for Editor in 0.00 ms.
Invoked RoslynAnalysisRunner static constructor.
RoslynAnalysisRunner will not be running.
RoslynAnalysisRunner has terminated.
Mono: successfully reloaded assembly
- Completed reload, in  0.697 seconds
Platform modules already initialized, skipping
Refreshing native plugins compatible for Editor in 0.29 ms, found 0 plugins.
Preloading 0 native plugins for Editor in 0.00 ms.
Unloading 1122 Unused Serialized files (Serialized files now loaded: 0)
System memory in use before: 60.7 MB.
System memory in use after: 60.8 MB.

Unloading 8 unused Assets to reduce memory usage. Loaded Objects now: 1598.
Total: 1.897900 ms (FindLiveObjects: 0.187000 ms CreateObjectMapping: 0.027600 ms MarkObjects: 1.609800 ms  DeleteObjects: 0.071900 ms)

========================================================================
Received Prepare
Registering precompiled user dll's ...
Registered in 0.000626 seconds.
Begin MonoManager ReloadAssembly
Native extension for WindowsStandalone target not found
Refreshing native plugins compatible for Editor in 0.28 ms, found 0 plugins.
Preloading 0 native plugins for Editor in 0.00 ms.
Invoked RoslynAnalysisRunner static constructor.
RoslynAnalysisRunner will not be running.
RoslynAnalysisRunner has terminated.
Mono: successfully reloaded assembly
- Completed reload, in  0.675 seconds
Platform modules already initialized, skipping
Refreshing native plugins compatible for Editor in 0.26 ms, found 0 plugins.
Preloading 0 native plugins for Editor in 0.00 ms.
Unloading 1122 Unused Serialized files (Serialized files now loaded: 0)
System memory in use before: 60.7 MB.
System memory in use after: 60.8 MB.

Unloading 5 unused Assets to reduce memory usage. Loaded Objects now: 1601.
Total: 2.188200 ms (FindLiveObjects: 0.396800 ms CreateObjectMapping: 0.035900 ms MarkObjects: 1.698700 ms  DeleteObjects: 0.055700 ms)

========================================================================
Received Prepare
Registering precompiled user dll's ...
Registered in 0.000996 seconds.
Begin MonoManager ReloadAssembly
Native extension for WindowsStandalone target not found
Refreshing native plugins compatible for Editor in 0.27 ms, found 0 plugins.
Preloading 0 native plugins for Editor in 0.00 ms.
Invoked RoslynAnalysisRunner static constructor.
RoslynAnalysisRunner will not be running.
RoslynAnalysisRunner has terminated.
Mono: successfully reloaded assembly
- Completed reload, in  0.712 seconds
Platform modules already initialized, skipping
Refreshing native plugins compatible for Editor in 0.28 ms, found 0 plugins.
Preloading 0 native plugins for Editor in 0.00 ms.
Unloading 1122 Unused Serialized files (Serialized files now loaded: 0)
System memory in use before: 60.7 MB.
System memory in use after: 60.8 MB.

Unloading 5 unused Assets to reduce memory usage. Loaded Objects now: 1604.
Total: 1.716400 ms (FindLiveObjects: 0.183100 ms CreateObjectMapping: 0.029100 ms MarkObjects: 1.450000 ms  DeleteObjects: 0.052900 ms)

========================================================================
Received Import Request.
  Time since last request: 862.040954 seconds.
  path: Assets/Scenes/SampleScene.unity
  artifactKey: Guid(9fc0d4010bbf28b4594072e72b8655ab) Importer(815301076,1909f56bfc062723c751e8b465ee728b)
Start importing Assets/Scenes/SampleScene.unity using Guid(9fc0d4010bbf28b4594072e72b8655ab) Importer(815301076,1909f56bfc062723c751e8b465ee728b)  -> (artifact id: 'f8f47cd20f1102af102f80906bf0b702') in 0.015507 seconds
  Import took 0.020186 seconds .

========================================================================
Received Import Request.
  Time since last request: 0.000224 seconds.
  path: Assets/Scenes/SampleScene.unity
  artifactKey: Guid(9fc0d4010bbf28b4594072e72b8655ab) Importer(815301076,1909f56bfc062723c751e8b465ee728b)
Start importing Assets/Scenes/SampleScene.unity using Guid(9fc0d4010bbf28b4594072e72b8655ab) Importer(815301076,1909f56bfc062723c751e8b465ee728b)  -> (artifact id: 'f8f47cd20f1102af102f80906bf0b702') in 0.002217 seconds
  Import took 0.003521 seconds .

========================================================================
Received Import Request.
  Time since last request: 11.349517 seconds.
  path: Assets/Scenes/New Scene.unity
  artifactKey: Guid(c6f7d75688cdb9b409a6d2292f14822b) Importer(815301076,1909f56bfc062723c751e8b465ee728b)
Start importing Assets/Scenes/New Scene.unity using Guid(c6f7d75688cdb9b409a6d2292f14822b) Importer(815301076,1909f56bfc062723c751e8b465ee728b)  -> (artifact id: 'a654a5d689e513f1372630be28108b80') in 0.006928 seconds
  Import took 0.009354 seconds .

========================================================================
Received Import Request.
  Time since last request: 0.000209 seconds.
  path: Assets/Scenes/New Scene.unity
  artifactKey: Guid(c6f7d75688cdb9b409a6d2292f14822b) Importer(815301076,1909f56bfc062723c751e8b465ee728b)
Start importing Assets/Scenes/New Scene.unity using Guid(c6f7d75688cdb9b409a6d2292f14822b) Importer(815301076,1909f56bfc062723c751e8b465ee728b)  -> (artifact id: 'a654a5d689e513f1372630be28108b80') in 0.002424 seconds
  Import took 0.004272 seconds .

========================================================================
Received Import Request.
  Time since last request: 8.642896 seconds.
  path: Assets/Scenes/MainMenu.unity
  artifactKey: Guid(c6f7d75688cdb9b409a6d2292f14822b) Importer(815301076,1909f56bfc062723c751e8b465ee728b)
Start importing Assets/Scenes/MainMenu.unity using Guid(c6f7d75688cdb9b409a6d2292f14822b) Importer(815301076,1909f56bfc062723c751e8b465ee728b)  -> (artifact id: '2660d1790df1871e8f250749fe77acb0') in 0.007043 seconds
  Import took 0.009131 seconds .

========================================================================
Received Import Request.
  Time since last request: 4.902602 seconds.
  path: Assets/Scenes/MainScene.unity
  artifactKey: Guid(ab3c500224c29f647ac8cdd31c7ec8da) Importer(815301076,1909f56bfc062723c751e8b465ee728b)
Start importing Assets/Scenes/MainScene.unity using Guid(ab3c500224c29f647ac8cdd31c7ec8da) Importer(815301076,1909f56bfc062723c751e8b465ee728b)  -> (artifact id: 'fbfce054702d2670d5f8458c2026b7f1') in 0.007314 seconds
  Import took 0.009338 seconds .

========================================================================
Received Import Request.
  Time since last request: 1302.378715 seconds.
  path: Assets/Scenes/MainMenu.unity
  artifactKey: Guid(c6f7d75688cdb9b409a6d2292f14822b) Importer(815301076,1909f56bfc062723c751e8b465ee728b)
Start importing Assets/Scenes/MainMenu.unity using Guid(c6f7d75688cdb9b409a6d2292f14822b) Importer(815301076,1909f56bfc062723c751e8b465ee728b)  -> (artifact id: '8a394f44f5298b6ee7c6a2948bafbb13') in 0.005059 seconds
  Import took 0.007399 seconds .

========================================================================
Received Prepare
Registering precompiled user dll's ...
Registered in 0.000571 seconds.
Begin MonoManager ReloadAssembly
Native extension for WindowsStandalone target not found
Refreshing native plugins compatible for Editor in 0.26 ms, found 0 plugins.
Preloading 0 native plugins for Editor in 0.00 ms.
Invoked RoslynAnalysisRunner static constructor.
RoslynAnalysisRunner will not be running.
RoslynAnalysisRunner has terminated.
Mono: successfully reloaded assembly
- Completed reload, in  0.687 seconds
Platform modules already initialized, skipping
Refreshing native plugins compatible for Editor in 0.27 ms, found 0 plugins.
Preloading 0 native plugins for Editor in 0.00 ms.
Unloading 1123 Unused Serialized files (Serialized files now loaded: 0)
System memory in use before: 60.8 MB.
System memory in use after: 60.8 MB.

Unloading 5 unused Assets to reduce memory usage. Loaded Objects now: 1608.
Total: 1.568900 ms (FindLiveObjects: 0.174200 ms CreateObjectMapping: 0.032400 ms MarkObjects: 1.304900 ms  DeleteObjects: 0.056500 ms)

========================================================================
Received Prepare
Registering precompiled user dll's ...
Registered in 0.000571 seconds.
Begin MonoManager ReloadAssembly
Native extension for WindowsStandalone target not found
Refreshing native plugins compatible for Editor in 0.24 ms, found 0 plugins.
Preloading 0 native plugins for Editor in 0.00 ms.
Invoked RoslynAnalysisRunner static constructor.
RoslynAnalysisRunner will not be running.
RoslynAnalysisRunner has terminated.
Mono: successfully reloaded assembly
- Completed reload, in  0.618 seconds
Platform modules already initialized, skipping
Refreshing native plugins compatible for Editor in 0.25 ms, found 0 plugins.
Preloading 0 native plugins for Editor in 0.00 ms.
Unloading 1123 Unused Serialized files (Serialized files now loaded: 0)
System memory in use before: 60.8 MB.
System memory in use after: 60.9 MB.

Unloading 5 unused Assets to reduce memory usage. Loaded Objects now: 1611.
Total: 1.665000 ms (FindLiveObjects: 0.174200 ms CreateObjectMapping: 0.032300 ms MarkObjects: 1.403500 ms  DeleteObjects: 0.053800 ms)

========================================================================
Received Prepare
Registering precompiled user dll's ...
Registered in 0.000549 seconds.
Begin MonoManager ReloadAssembly
Native extension for WindowsStandalone target not found
Refreshing native plugins compatible for Editor in 0.25 ms, found 0 plugins.
Preloading 0 native plugins for Editor in 0.00 ms.
Invoked RoslynAnalysisRunner static constructor.
RoslynAnalysisRunner will not be running.
RoslynAnalysisRunner has terminated.
Mono: successfully reloaded assembly
- Completed reload, in  0.641 seconds
Platform modules already initialized, skipping
Refreshing native plugins compatible for Editor in 0.26 ms, found 0 plugins.
Preloading 0 native plugins for Editor in 0.00 ms.
Unloading 1123 Unused Serialized files (Serialized files now loaded: 0)
System memory in use before: 60.8 MB.
System memory in use after: 60.9 MB.

Unloading 5 unused Assets to reduce memory usage. Loaded Objects now: 1614.
Total: 1.839000 ms (FindLiveObjects: 0.258500 ms CreateObjectMapping: 0.036800 ms MarkObjects: 1.482800 ms  DeleteObjects: 0.059800 ms)

========================================================================
Received Import Request.
  Time since last request: 1159.939505 seconds.
  path: Assets/Scripts/PlayerList.cs
  artifactKey: Guid(245a779c58ec13548b21bc5d19cc921e) Importer(815301076,1909f56bfc062723c751e8b465ee728b)
Start importing Assets/Scripts/PlayerList.cs using Guid(245a779c58ec13548b21bc5d19cc921e) Importer(815301076,1909f56bfc062723c751e8b465ee728b)  -> (artifact id: 'b71eda12808e91f0f81c9e04a6bc75ca') in 0.007782 seconds
  Import took 0.009829 seconds .

========================================================================
Received Import Request.
  Time since last request: 170.406215 seconds.
  path: Assets/Prefabs/PlayerMenu.prefab
  artifactKey: Guid(cf22f05294b67f24e8fd72740a5f1bbe) Importer(815301076,1909f56bfc062723c751e8b465ee728b)
Start importing Assets/Prefabs/PlayerMenu.prefab using Guid(cf22f05294b67f24e8fd72740a5f1bbe) Importer(815301076,1909f56bfc062723c751e8b465ee728b)  -> (artifact id: '067beaf4871c84d142daee7ffe3668fb') in 0.028359 seconds
  Import took 0.030755 seconds .

========================================================================
Received Import Request.
  Time since last request: 0.001350 seconds.
  path: Assets/Prefabs/PlayerMenu.prefab
  artifactKey: Guid(cf22f05294b67f24e8fd72740a5f1bbe) Importer(815301076,1909f56bfc062723c751e8b465ee728b)
Start importing Assets/Prefabs/PlayerMenu.prefab using Guid(cf22f05294b67f24e8fd72740a5f1bbe) Importer(815301076,1909f56bfc062723c751e8b465ee728b)  -> (artifact id: '067beaf4871c84d142daee7ffe3668fb') in 0.003285 seconds
  Import took 0.005018 seconds .

========================================================================
Received Prepare
Registering precompiled user dll's ...
Registered in 0.000549 seconds.
Begin MonoManager ReloadAssembly
Native extension for WindowsStandalone target not found
Refreshing native plugins compatible for Editor in 0.25 ms, found 0 plugins.
Preloading 0 native plugins for Editor in 0.00 ms.
Invoked RoslynAnalysisRunner static constructor.
RoslynAnalysisRunner will not be running.
RoslynAnalysisRunner has terminated.
Mono: successfully reloaded assembly
- Completed reload, in  0.620 seconds
Platform modules already initialized, skipping
Refreshing native plugins compatible for Editor in 0.24 ms, found 0 plugins.
Preloading 0 native plugins for Editor in 0.00 ms.
Unloading 1123 Unused Serialized files (Serialized files now loaded: 0)
System memory in use before: 60.8 MB.
System memory in use after: 60.9 MB.

Unloading 5 unused Assets to reduce memory usage. Loaded Objects now: 1617.
Total: 1.697600 ms (FindLiveObjects: 0.172400 ms CreateObjectMapping: 0.026800 ms MarkObjects: 1.438400 ms  DeleteObjects: 0.058700 ms)

========================================================================
Received Import Request.
  Time since last request: 75.396111 seconds.
  path: Assets/Scripts/GameMaster.cs
  artifactKey: Guid(0fcf2212641db1a4a9e5576bb2ed6cc0) Importer(815301076,1909f56bfc062723c751e8b465ee728b)
Start importing Assets/Scripts/GameMaster.cs using Guid(0fcf2212641db1a4a9e5576bb2ed6cc0) Importer(815301076,1909f56bfc062723c751e8b465ee728b)  -> (artifact id: 'c0e346bf3b222dd98b86a35160291f96') in 0.009763 seconds
  Import took 0.011753 seconds .

========================================================================
Received Import Request.
  Time since last request: 0.001245 seconds.
  path: Assets/Scripts/GameMaster.cs
  artifactKey: Guid(0fcf2212641db1a4a9e5576bb2ed6cc0) Importer(815301076,1909f56bfc062723c751e8b465ee728b)
Start importing Assets/Scripts/GameMaster.cs using Guid(0fcf2212641db1a4a9e5576bb2ed6cc0) Importer(815301076,1909f56bfc062723c751e8b465ee728b)  -> (artifact id: 'c0e346bf3b222dd98b86a35160291f96') in 0.002024 seconds
  Import took 0.003837 seconds .

========================================================================
Received Import Request.
  Time since last request: 22.833298 seconds.
  path: Assets/Scripts/Nodes.cs
  artifactKey: Guid(9f900acf919069f4588f932e0cbdbb0a) Importer(815301076,1909f56bfc062723c751e8b465ee728b)
Start importing Assets/Scripts/Nodes.cs using Guid(9f900acf919069f4588f932e0cbdbb0a) Importer(815301076,1909f56bfc062723c751e8b465ee728b)  -> (artifact id: 'ffcf2bac1f5d8b65f1541973b3e279d4') in 0.006912 seconds
  Import took 0.009008 seconds .

AssetImportWorkerClient::OnTransportError - code=2 error=End of file
